<?xml version="1.0" encoding="UTF-8"?>
<!-- Generated by org.testng.reporters.JUnitReportReporter -->
<testsuite skipped="0" hostname="kk.local" name="com.karlin.testing.acceptance.test.test.Get2Test" tests="1" failures="0" timestamp="22 Oct 2018 02:50:22 GMT" time="0.120" errors="0">
  <testcase name="runScenario" time="0.120" classname="com.karlin.testing.acceptance.test.test.Get2Test"/>
</testsuite> <!-- com.karlin.testing.acceptance.test.test.Get2Test -->
