<?xml version="1.0" encoding="UTF-8"?>
<!-- Generated by org.testng.reporters.JUnitReportReporter -->
<testsuite skipped="0" hostname="kk-2.local" name="com.karlin.testing.acceptance.test.test.GetTest" tests="1" failures="0" timestamp="18 Mar 2019 03:32:46 GMT" time="1.283" errors="0">
  <testcase name="runScenario" time="1.283" classname="com.karlin.testing.acceptance.test.test.GetTest"/>
</testsuite> <!-- com.karlin.testing.acceptance.test.test.GetTest -->
