<?xml version="1.0" encoding="UTF-8"?>
<!-- Generated by org.testng.reporters.JUnitReportReporter -->
<testsuite skipped="0" hostname="kk.local" name="com.karlin.testing.acceptance.test.test.GetTest" tests="1" failures="0" timestamp="22 Oct 2018 02:50:22 GMT" time="1.099" errors="0">
  <testcase name="runScenario" time="1.099" classname="com.karlin.testing.acceptance.test.test.GetTest"/>
</testsuite> <!-- com.karlin.testing.acceptance.test.test.GetTest -->
